[01m[K/home/traore/Documents/ws/thomas_pursuit/src/thomas_pursuit.cpp:[m[K In member function â€˜[01m[Kvirtual void nav2_thomas_pursuit_::ThomasPursuit::configure(const WeakPtr&, std::string, std::shared_ptr<tf2_ros::Buffer>, std::shared_ptr<nav2_costmap_2d::Costmap2DROS>)[m[Kâ€™:
[01m[K/home/traore/Documents/ws/thomas_pursuit/src/thomas_pursuit.cpp:68:59:[m[K [01;31m[Kerror: [m[Kâ€˜[01m[Kgoal_tolerance[m[Kâ€™ was not declared in this scope; did you mean â€˜[01m[Kgoal_tolerance_[m[Kâ€™?
   68 |     node-> get_parameter(plugin_name_+ ".goal_tolerance", [01;31m[Kgoal_tolerance[m[K);
      |                                                           [01;31m[K^~~~~~~~~~~~~~[m[K
      |                                                           [32m[Kgoal_tolerance_[m[K
[01m[K/home/traore/Documents/ws/thomas_pursuit/src/thomas_pursuit.cpp:[m[K In member function â€˜[01m[Kvirtual geometry_msgs::msg::TwistStamped nav2_thomas_pursuit_::ThomasPursuit::computeVelocityCommands(const PoseStamped&, const Twist&, nav2_core::GoalChecker*)[m[Kâ€™:
[01m[K/home/traore/Documents/ws/thomas_pursuit/src/thomas_pursuit.cpp:138:25:[m[K [01;31m[Kerror: [m[Kâ€˜[01m[Kgoal_tolerance[m[Kâ€™ was not declared in this scope; did you mean â€˜[01m[Kgoal_tolerance_[m[Kâ€™?
  138 |     if (dist_to_goal <= [01;31m[Kgoal_tolerance[m[K) {
      |                         [01;31m[K^~~~~~~~~~~~~~[m[K
      |                         [32m[Kgoal_tolerance_[m[K
gmake[2]: *** [CMakeFiles/thomas_pursuit.dir/build.make:76 : CMakeFiles/thomas_pursuit.dir/src/thomas_pursuit.cpp.o] Erreur 1
gmake[1]: *** [CMakeFiles/Makefile2:137 : CMakeFiles/thomas_pursuit.dir/all] Erreur 2
gmake: *** [Makefile:146 : all] Erreur 2
