[0.006s] Invoking command in '/home/traore/Documents/ws/thomas_pursuit/build/thomas_pursuit': CMAKE_PREFIX_PATH=/opt/ros/humble /usr/bin/cmake /home/traore/Documents/ws/thomas_pursuit -DCMAKE_INSTALL_PREFIX=/home/traore/Documents/ws/thomas_pursuit/install/thomas_pursuit
[0.055s] -- The C compiler identification is GNU 11.4.0
[0.096s] -- The CXX compiler identification is GNU 11.4.0
[0.101s] -- Detecting C compiler ABI info
[0.155s] -- Detecting C compiler ABI info - done
[0.160s] -- Check for working C compiler: /usr/bin/cc - skipped
[0.160s] -- Detecting C compile features
[0.160s] -- Detecting C compile features - done
[0.162s] -- Detecting CXX compiler ABI info
[0.224s] -- Detecting CXX compiler ABI info - done
[0.229s] -- Check for working CXX compiler: /usr/bin/c++ - skipped
[0.229s] -- Detecting CXX compile features
[0.229s] -- Detecting CXX compile features - done
[0.234s] -- Found ament_cmake: 1.3.12 (/opt/ros/humble/share/ament_cmake/cmake)
[0.339s] -- Found Python3: /usr/bin/python3 (found version "3.10.12") found components: Interpreter 
[0.406s] -- Found rclcpp: 16.0.15 (/opt/ros/humble/share/rclcpp/cmake)
[0.441s] -- Found rosidl_generator_c: 3.1.7 (/opt/ros/humble/share/rosidl_generator_c/cmake)
[0.445s] -- Found rosidl_adapter: 3.1.7 (/opt/ros/humble/share/rosidl_adapter/cmake)
[0.452s] -- Found rosidl_generator_cpp: 3.1.7 (/opt/ros/humble/share/rosidl_generator_cpp/cmake)
[0.462s] -- Using all available rosidl_typesupport_c: rosidl_typesupport_fastrtps_c;rosidl_typesupport_introspection_c
[0.476s] -- Using all available rosidl_typesupport_cpp: rosidl_typesupport_fastrtps_cpp;rosidl_typesupport_introspection_cpp
[0.508s] -- Found rmw_implementation_cmake: 6.1.2 (/opt/ros/humble/share/rmw_implementation_cmake/cmake)
[0.511s] -- Found rmw_fastrtps_cpp: 6.2.9 (/opt/ros/humble/share/rmw_fastrtps_cpp/cmake)
[0.592s] -- Found OpenSSL: /usr/lib/x86_64-linux-gnu/libcrypto.so (found version "3.0.2")  
[0.615s] -- Found FastRTPS: /opt/ros/humble/include  
[0.641s] -- Using RMW implementation 'rmw_fastrtps_cpp' as default
[0.647s] -- Looking for pthread.h
[0.700s] -- Looking for pthread.h - found
[0.700s] -- Performing Test CMAKE_HAVE_LIBC_PTHREAD
[0.763s] -- Performing Test CMAKE_HAVE_LIBC_PTHREAD - Success
[0.764s] -- Found Threads: TRUE  
[0.806s] -- Found geometry_msgs: 4.9.0 (/opt/ros/humble/share/geometry_msgs/cmake)
[0.818s] -- Found nav_msgs: 4.9.0 (/opt/ros/humble/share/nav_msgs/cmake)
[0.830s] -- Found pluginlib: 5.1.2 (/opt/ros/humble/share/pluginlib/cmake)
[0.847s] -- Found nav2_core: 1.1.19 (/opt/ros/humble/share/nav2_core/cmake)
[1.007s] -- Found Eigen3: TRUE (found version "3.4.0") 
[1.007s] -- Ensuring Eigen3 include directory is part of orocos-kdl CMake target
[1.105s] -- Found ament_lint_auto: 0.12.14 (/opt/ros/humble/share/ament_lint_auto/cmake)
[1.163s] -- Added test 'cppcheck' to perform static code analysis on C / C++ code
[1.163s] -- Configured cppcheck include dirs: $<BUILD_INTERFACE:/home/traore/Documents/ws/thomas_pursuit/include>
[1.163s] -- Configured cppcheck exclude dirs and/or files: 
[1.165s] -- Added test 'lint_cmake' to check CMake code style
[1.169s] -- Added test 'uncrustify' to check C / C++ code style
[1.169s] -- Configured uncrustify additional arguments: 
[1.170s] -- Added test 'xmllint' to check XML markup files
[1.171s] -- Configuring done
[1.257s] -- Generating done
[1.261s] -- Build files have been written to: /home/traore/Documents/ws/thomas_pursuit/build/thomas_pursuit
[1.268s] Invoked command in '/home/traore/Documents/ws/thomas_pursuit/build/thomas_pursuit' returned '0': CMAKE_PREFIX_PATH=/opt/ros/humble /usr/bin/cmake /home/traore/Documents/ws/thomas_pursuit -DCMAKE_INSTALL_PREFIX=/home/traore/Documents/ws/thomas_pursuit/install/thomas_pursuit
[1.270s] Invoking command in '/home/traore/Documents/ws/thomas_pursuit/build/thomas_pursuit': CMAKE_PREFIX_PATH=/opt/ros/humble /usr/bin/cmake --build /home/traore/Documents/ws/thomas_pursuit/build/thomas_pursuit -- -j12 -l12
[1.312s] [ 50%] [32mBuilding CXX object CMakeFiles/thomas_pursuit.dir/src/thomas_pursuit.cpp.o[0m
[3.223s] [01m[K/home/traore/Documents/ws/thomas_pursuit/src/thomas_pursuit.cpp:[m[K In member function â€˜[01m[Kvirtual void nav2_thomas_pursuit_::ThomasPursuit::configure(const WeakPtr&, std::string, std::shared_ptr<tf2_ros::Buffer>, std::shared_ptr<nav2_costmap_2d::Costmap2DROS>)[m[Kâ€™:
[3.223s] [01m[K/home/traore/Documents/ws/thomas_pursuit/src/thomas_pursuit.cpp:68:59:[m[K [01;31m[Kerror: [m[Kâ€˜[01m[Kgoal_tolerance[m[Kâ€™ was not declared in this scope; did you mean â€˜[01m[Kgoal_tolerance_[m[Kâ€™?
[3.223s]    68 |     node-> get_parameter(plugin_name_+ ".goal_tolerance", [01;31m[Kgoal_tolerance[m[K);
[3.223s]       |                                                           [01;31m[K^~~~~~~~~~~~~~[m[K
[3.223s]       |                                                           [32m[Kgoal_tolerance_[m[K
[3.229s] [01m[K/home/traore/Documents/ws/thomas_pursuit/src/thomas_pursuit.cpp:[m[K In member function â€˜[01m[Kvirtual geometry_msgs::msg::TwistStamped nav2_thomas_pursuit_::ThomasPursuit::computeVelocityCommands(const PoseStamped&, const Twist&, nav2_core::GoalChecker*)[m[Kâ€™:
[3.229s] [01m[K/home/traore/Documents/ws/thomas_pursuit/src/thomas_pursuit.cpp:138:25:[m[K [01;31m[Kerror: [m[Kâ€˜[01m[Kgoal_tolerance[m[Kâ€™ was not declared in this scope; did you mean â€˜[01m[Kgoal_tolerance_[m[Kâ€™?
[3.229s]   138 |     if (dist_to_goal <= [01;31m[Kgoal_tolerance[m[K) {
[3.229s]       |                         [01;31m[K^~~~~~~~~~~~~~[m[K
[3.229s]       |                         [32m[Kgoal_tolerance_[m[K
[4.339s] gmake[2]: *** [CMakeFiles/thomas_pursuit.dir/build.make:76 : CMakeFiles/thomas_pursuit.dir/src/thomas_pursuit.cpp.o] Erreur 1
[4.340s] gmake[1]: *** [CMakeFiles/Makefile2:137 : CMakeFiles/thomas_pursuit.dir/all] Erreur 2
[4.340s] gmake: *** [Makefile:146 : all] Erreur 2
[4.342s] Invoked command in '/home/traore/Documents/ws/thomas_pursuit/build/thomas_pursuit' returned '2': CMAKE_PREFIX_PATH=/opt/ros/humble /usr/bin/cmake --build /home/traore/Documents/ws/thomas_pursuit/build/thomas_pursuit -- -j12 -l12
